type	name	value	zone	address	bytes	access	other
Internal	R0	0x2			4	readWrite	strong	
Internal	R1	0x200004a2			4	readWrite	strong	
Internal	R2	0x1			4	readWrite	strong	
Internal	R3	0x0			4	readWrite	strong	
Internal	R4	0x1			4	readWrite	strong	
Internal	R5	0xffffffff			4	readWrite	strong	
Internal	R6	0xffffffff			4	readWrite	strong	
Internal	R7	0xffffffff			4	readWrite	strong	
Internal	R8	0xffffffff			4	readWrite	strong	
Internal	R9	0xffffffff			4	readWrite	strong	
Internal	R10	0xffffffff			4	readWrite	strong	
Internal	R11	0xffffffff			4	readWrite	strong	
Internal	R12	0xffffffff			4	readWrite	strong	
Internal	R13	0x20000c80			4	readWrite	strong	
Internal	R14	0x8000f73			4	readWrite	strong	
Internal	PC	0x8000f7e			4	readWrite	strong	
Internal	APSR	0x20000000			4	readWrite	strong	
Internal	IAPSR	0x2000000b			4	readWrite	strong	
Internal	EAPSR	0x21000000			4	readWrite	strong	
Internal	xPSR	0x2100000b			4	readWrite	strong	
Internal	IPSR	0xb			4	readWrite	strong	
Internal	EPSR	0x1000000			4	readWrite	strong	
Internal	IEPSR	0x100000b			4	readWrite	strong	
Internal	R13_main	0x20000c80			4	readWrite	strong	
Internal	R13_proc	0x20000198			4	readWrite	strong	
Internal	PRIMASK	0x0			4	readWrite	strong	
Internal	CONTROL	0x0			4	readWrite	strong	
Internal	CFBP	0x0			4	readWrite	strong	
Internal	SP	0x20000c80			4	readWrite	strong	
Internal	LR	0x8000f73			4	readWrite	strong	
Internal	R15	0x8000f7e			4	readWrite	strong	
Internal	SP_process	0x20000198			4	readWrite	strong	
Internal	R13_process	0x20000198			4	readWrite	strong	
Internal	PSP	0x20000198			4	readWrite	strong	
Internal	SP_main	0x20000c80			4	readWrite	strong	
Internal	MSP	0x20000c80			4	readWrite	strong	
Internal	CYCLECOUNTER	0x0			8	readOnly	strong	
Internal	CCTIMER1	0x0			8	readWrite	strong	
Internal	CCTIMER2	0x0			8	readWrite	strong	
Internal	CCSTEP	0x0			8	readOnly	strong	
Factory	CRC_DR	0x0	Memory	0x40023000	4	readWrite	strong	
Factory	CRC_IDR	0x0	Memory	0x40023004	4	readWrite	strong	
Factory	CRC_CR	0x0	Memory	0x40023008	4	readWrite	strong	
Factory	CRC_INIT	0x0	Memory	0x4002300c	4	readWrite	strong	
Factory	GPIOF_MODER	0x0	Memory	0x48001400	4	readWrite	strong	
Factory	GPIOF_OTYPER	0x0	Memory	0x48001404	4	readWrite	strong	
Factory	GPIOF_OSPEEDR	0x0	Memory	0x48001408	4	readWrite	strong	
Factory	GPIOF_PUPDR	0x0	Memory	0x4800140c	4	readWrite	strong	
Factory	GPIOF_IDR	0x0	Memory	0x48001410	4	readOnly	strong	
Factory	GPIOF_ODR	0x0	Memory	0x48001414	4	readWrite	strong	
Factory	GPIOF_BSRR	0x0	Memory	0x48001418	4	writeOnly	strong	
Factory	GPIOF_LCKR	0x0	Memory	0x4800141c	4	readWrite	strong	
Factory	GPIOF_AFRL	0x0	Memory	0x48001420	4	readWrite	strong	
Factory	GPIOF_AFRH	0x0	Memory	0x48001424	4	readWrite	strong	
Factory	GPIOF_BRR	0x0	Memory	0x48001428	4	writeOnly	strong	
Factory	GPIOD_MODER	---	Memory	0x48000c00	4	readWrite	strong	
Factory	GPIOD_OTYPER	---	Memory	0x48000c04	4	readWrite	strong	
Factory	GPIOD_OSPEEDR	---	Memory	0x48000c08	4	readWrite	strong	
Factory	GPIOD_PUPDR	---	Memory	0x48000c0c	4	readWrite	strong	
Factory	GPIOD_IDR	---	Memory	0x48000c10	4	readOnly	strong	
Factory	GPIOD_ODR	---	Memory	0x48000c14	4	readWrite	strong	
Factory	GPIOD_BSRR	---	Memory	0x48000c18	4	writeOnly	strong	
Factory	GPIOD_LCKR	---	Memory	0x48000c1c	4	readWrite	strong	
Factory	GPIOD_AFRL	---	Memory	0x48000c20	4	readWrite	strong	
Factory	GPIOD_AFRH	---	Memory	0x48000c24	4	readWrite	strong	
Factory	GPIOD_BRR	---	Memory	0x48000c28	4	writeOnly	strong	
Factory	GPIOC_MODER	0x0	Memory	0x48000800	4	readWrite	strong	
Factory	GPIOC_OTYPER	0x0	Memory	0x48000804	4	readWrite	strong	
Factory	GPIOC_OSPEEDR	0x0	Memory	0x48000808	4	readWrite	strong	
Factory	GPIOC_PUPDR	0x0	Memory	0x4800080c	4	readWrite	strong	
Factory	GPIOC_IDR	0x0	Memory	0x48000810	4	readOnly	strong	
Factory	GPIOC_ODR	0x0	Memory	0x48000814	4	readWrite	strong	
Factory	GPIOC_BSRR	0x0	Memory	0x48000818	4	writeOnly	strong	
Factory	GPIOC_LCKR	0x0	Memory	0x4800081c	4	readWrite	strong	
Factory	GPIOC_AFRL	0x0	Memory	0x48000820	4	readWrite	strong	
Factory	GPIOC_AFRH	0x0	Memory	0x48000824	4	readWrite	strong	
Factory	GPIOC_BRR	0x0	Memory	0x48000828	4	writeOnly	strong	
Factory	GPIOB_MODER	0x0	Memory	0x48000400	4	readWrite	strong	
Factory	GPIOB_OTYPER	0x0	Memory	0x48000404	4	readWrite	strong	
Factory	GPIOB_OSPEEDR	0x0	Memory	0x48000408	4	readWrite	strong	
Factory	GPIOB_PUPDR	0x0	Memory	0x4800040c	4	readWrite	strong	
Factory	GPIOB_IDR	0x0	Memory	0x48000410	4	readOnly	strong	
Factory	GPIOB_ODR	0x0	Memory	0x48000414	4	readWrite	strong	
Factory	GPIOB_BSRR	0x0	Memory	0x48000418	4	writeOnly	strong	
Factory	GPIOB_LCKR	0x0	Memory	0x4800041c	4	readWrite	strong	
Factory	GPIOB_AFRL	0x0	Memory	0x48000420	4	readWrite	strong	
Factory	GPIOB_AFRH	0x0	Memory	0x48000424	4	readWrite	strong	
Factory	GPIOB_BRR	0x0	Memory	0x48000428	4	writeOnly	strong	
Factory	GPIOA_MODER	0x28005400	Memory	0x48000000	4	readWrite	strong	
Factory	GPIOA_OTYPER	0x0	Memory	0x48000004	4	readWrite	strong	
Factory	GPIOA_OSPEEDR	0xc00fc00	Memory	0x48000008	4	readWrite	strong	
Factory	GPIOA_PUPDR	0x2404a800	Memory	0x4800000c	4	readWrite	strong	
Factory	GPIOA_IDR	0x4690	Memory	0x48000010	4	readOnly	strong	
Factory	GPIOA_ODR	0x80	Memory	0x48000014	4	readWrite	strong	
Factory	GPIOA_BSRR	0x0	Memory	0x48000018	4	writeOnly	strong	
Factory	GPIOA_LCKR	0x0	Memory	0x4800001c	4	readWrite	strong	
Factory	GPIOA_AFRL	0x0	Memory	0x48000020	4	readWrite	strong	
Factory	GPIOA_AFRH	0x0	Memory	0x48000024	4	readWrite	strong	
Factory	GPIOA_BRR	0x0	Memory	0x48000028	4	writeOnly	strong	
Factory	SPI1_CR1	0x0	Memory	0x40013000	4	readWrite	strong	
Factory	SPI1_CR2	0x0	Memory	0x40013004	4	readWrite	strong	
Factory	SPI1_SR	0x0	Memory	0x40013008	4	readWrite	strong	
Factory	SPI1_DR	0x0	Memory	0x4001300c	4	readWrite	strong	
Factory	SPI1_CRCPR	0x0	Memory	0x40013010	4	readWrite	strong	
Factory	SPI1_RXCRCR	0x0	Memory	0x40013014	4	readOnly	strong	
Factory	SPI1_TXCRCR	0x0	Memory	0x40013018	4	readOnly	strong	
Factory	SPI1_I2SCFGR	0x0	Memory	0x4001301c	4	readWrite	strong	
Factory	SPI1_I2SPR	0x0	Memory	0x40013020	4	readWrite	strong	
Factory	SPI2_CR1	0x0	Memory	0x40003800	4	readWrite	strong	
Factory	SPI2_CR2	0x0	Memory	0x40003804	4	readWrite	strong	
Factory	SPI2_SR	0x0	Memory	0x40003808	4	readWrite	strong	
Factory	SPI2_DR	0x0	Memory	0x4000380c	4	readWrite	strong	
Factory	SPI2_CRCPR	0x0	Memory	0x40003810	4	readWrite	strong	
Factory	SPI2_RXCRCR	0x0	Memory	0x40003814	4	readOnly	strong	
Factory	SPI2_TXCRCR	0x0	Memory	0x40003818	4	readOnly	strong	
Factory	SPI2_I2SCFGR	0x0	Memory	0x4000381c	4	readWrite	strong	
Factory	SPI2_I2SPR	0x0	Memory	0x40003820	4	readWrite	strong	
Factory	PWR_CR	0x0	Memory	0x40007000	4	readWrite	strong	
Factory	PWR_CSR	0x8	Memory	0x40007004	4	readWrite	strong	
Factory	I2C1_CR1	0x0	Memory	0x40005400	4	readWrite	strong	
Factory	I2C1_CR2	0x0	Memory	0x40005404	4	readWrite	strong	
Factory	I2C1_OAR1	0x0	Memory	0x40005408	4	readWrite	strong	
Factory	I2C1_OAR2	0x0	Memory	0x4000540c	4	readWrite	strong	
Factory	I2C1_TIMINGR	0x0	Memory	0x40005410	4	readWrite	strong	
Factory	I2C1_TIMEOUTR	0x0	Memory	0x40005414	4	readWrite	strong	
Factory	I2C1_ISR	0x1	Memory	0x40005418	4	readWrite	strong	
Factory	I2C1_ICR	0x0	Memory	0x4000541c	4	writeOnly	strong	
Factory	I2C1_PECR	0x0	Memory	0x40005420	4	readOnly	strong	
Factory	I2C1_RXDR	0x0	Memory	0x40005424	4	readOnly	strong	
Factory	I2C1_TXDR	0x0	Memory	0x40005428	4	readWrite	strong	
Factory	I2C2_CR1	0x0	Memory	0x40005800	4	readWrite	strong	
Factory	I2C2_CR2	0x0	Memory	0x40005804	4	readWrite	strong	
Factory	I2C2_OAR1	0x0	Memory	0x40005808	4	readWrite	strong	
Factory	I2C2_OAR2	0x0	Memory	0x4000580c	4	readWrite	strong	
Factory	I2C2_TIMINGR	0x0	Memory	0x40005810	4	readWrite	strong	
Factory	I2C2_TIMEOUTR	0x0	Memory	0x40005814	4	readWrite	strong	
Factory	I2C2_ISR	0x0	Memory	0x40005818	4	readWrite	strong	
Factory	I2C2_ICR	0x0	Memory	0x4000581c	4	writeOnly	strong	
Factory	I2C2_PECR	0x0	Memory	0x40005820	4	readOnly	strong	
Factory	I2C2_RXDR	0x0	Memory	0x40005824	4	readOnly	strong	
Factory	I2C2_TXDR	0x0	Memory	0x40005828	4	readWrite	strong	
Factory	IWDG_KR	0x0	Memory	0x40003000	4	writeOnly	strong	
Factory	IWDG_PR	0x0	Memory	0x40003004	4	readWrite	strong	
Factory	IWDG_RLR	0xfff	Memory	0x40003008	4	readWrite	strong	
Factory	IWDG_SR	0x0	Memory	0x4000300c	4	readOnly	strong	
Factory	IWDG_WINR	0xfff	Memory	0x40003010	4	readWrite	strong	
Factory	WWDG_CR	0x7f	Memory	0x40002c00	4	readWrite	strong	
Factory	WWDG_CFR	0x7f	Memory	0x40002c04	4	readWrite	strong	
Factory	WWDG_SR	0x0	Memory	0x40002c08	4	readWrite	strong	
Factory	TIM1_CR1	0x0	Memory	0x40012c00	4	readWrite	strong	
Factory	TIM1_CR2	0x0	Memory	0x40012c04	4	readWrite	strong	
Factory	TIM1_SMCR	0x0	Memory	0x40012c08	4	readWrite	strong	
Factory	TIM1_DIER	0x0	Memory	0x40012c0c	4	readWrite	strong	
Factory	TIM1_SR	0x0	Memory	0x40012c10	4	readWrite	strong	
Factory	TIM1_EGR	0x0	Memory	0x40012c14	4	writeOnly	strong	
Factory	TIM1_CCMR1_Output	0x0	Memory	0x40012c18	4	readWrite	strong	
Factory	TIM1_CCMR1_Input	0x0	Memory	0x40012c18	4	readWrite	strong	
Factory	TIM1_CCMR2_Output	0x0	Memory	0x40012c1c	4	readWrite	strong	
Factory	TIM1_CCMR2_Input	0x0	Memory	0x40012c1c	4	readWrite	strong	
Factory	TIM1_CCER	0x0	Memory	0x40012c20	4	readWrite	strong	
Factory	TIM1_CNT	0x0	Memory	0x40012c24	4	readWrite	strong	
Factory	TIM1_PSC	0x0	Memory	0x40012c28	4	readWrite	strong	
Factory	TIM1_ARR	0x0	Memory	0x40012c2c	4	readWrite	strong	
Factory	TIM1_RCR	0x0	Memory	0x40012c30	4	readWrite	strong	
Factory	TIM1_CCR1	0x0	Memory	0x40012c34	4	readWrite	strong	
Factory	TIM1_CCR2	0x0	Memory	0x40012c38	4	readWrite	strong	
Factory	TIM1_CCR3	0x0	Memory	0x40012c3c	4	readWrite	strong	
Factory	TIM1_CCR4	0x0	Memory	0x40012c40	4	readWrite	strong	
Factory	TIM1_BDTR	0x0	Memory	0x40012c44	4	readWrite	strong	
Factory	TIM1_DCR	0x0	Memory	0x40012c48	4	readWrite	strong	
Factory	TIM1_DMAR	0x0	Memory	0x40012c4c	4	readWrite	strong	
Factory	TIM3_CR1	0x1	Memory	0x40000400	4	readWrite	strong	
Factory	TIM3_CR2	0x0	Memory	0x40000404	4	readWrite	strong	
Factory	TIM3_SMCR	0x0	Memory	0x40000408	4	readWrite	strong	
Factory	TIM3_DIER	0x1	Memory	0x4000040c	4	readWrite	strong	
Factory	TIM3_SR	0x1e	Memory	0x40000410	4	readWrite	strong	
Factory	TIM3_EGR	0x0	Memory	0x40000414	4	writeOnly	strong	
Factory	TIM3_CCMR1_Output	0x0	Memory	0x40000418	4	readWrite	strong	
Factory	TIM3_CCMR1_Input	0x0	Memory	0x40000418	4	readWrite	strong	
Factory	TIM3_CCMR2_Output	0x0	Memory	0x4000041c	4	readWrite	strong	
Factory	TIM3_CCMR2_Input	0x0	Memory	0x4000041c	4	readWrite	strong	
Factory	TIM3_CCER	0x0	Memory	0x40000420	4	readWrite	strong	
Factory	TIM3_CNT	0x0	Memory	0x40000424	4	readWrite	strong	
Factory	TIM3_PSC	0xbb7f	Memory	0x40000428	4	readWrite	strong	
Factory	TIM3_ARR	0x0	Memory	0x4000042c	4	readWrite	strong	
Factory	TIM3_CCR1	0x0	Memory	0x40000434	4	readWrite	strong	
Factory	TIM3_CCR2	0x0	Memory	0x40000438	4	readWrite	strong	
Factory	TIM3_CCR3	0x0	Memory	0x4000043c	4	readWrite	strong	
Factory	TIM3_CCR4	0x0	Memory	0x40000440	4	readWrite	strong	
Factory	TIM3_DCR	0x0	Memory	0x40000448	4	readWrite	strong	
Factory	TIM3_DMAR	0x1	Memory	0x4000044c	4	readWrite	strong	
Factory	TIM14_CR1	0x0	Memory	0x40002000	4	readWrite	strong	
Factory	TIM14_DIER	0x0	Memory	0x4000200c	4	readWrite	strong	
Factory	TIM14_SR	0x0	Memory	0x40002010	4	readWrite	strong	
Factory	TIM14_EGR	0x0	Memory	0x40002014	4	writeOnly	strong	
Factory	TIM14_CCMR1_Output	0x0	Memory	0x40002018	4	readWrite	strong	
Factory	TIM14_CCMR1_Input	0x0	Memory	0x40002018	4	readWrite	strong	
Factory	TIM14_CCER	0x0	Memory	0x40002020	4	readWrite	strong	
Factory	TIM14_CNT	0x0	Memory	0x40002024	4	readWrite	strong	
Factory	TIM14_PSC	0x0	Memory	0x40002028	4	readWrite	strong	
Factory	TIM14_ARR	0x0	Memory	0x4000202c	4	readWrite	strong	
Factory	TIM14_CCR1	0x0	Memory	0x40002034	4	readWrite	strong	
Factory	TIM14_OR	0x0	Memory	0x40002050	4	readWrite	strong	
Factory	TIM6_CR1	0x0	Memory	0x40001000	4	readWrite	strong	
Factory	TIM6_CR2	0x0	Memory	0x40001004	4	readWrite	strong	
Factory	TIM6_DIER	0x0	Memory	0x4000100c	4	readWrite	strong	
Factory	TIM6_SR	0x0	Memory	0x40001010	4	readWrite	strong	
Factory	TIM6_EGR	0x0	Memory	0x40001014	4	writeOnly	strong	
Factory	TIM6_CNT	0x0	Memory	0x40001024	4	readWrite	strong	
Factory	TIM6_PSC	0x0	Memory	0x40001028	4	readWrite	strong	
Factory	TIM6_ARR	0x0	Memory	0x4000102c	4	readWrite	strong	
Factory	TIM7_CR1	0x0	Memory	0x40001400	4	readWrite	strong	
Factory	TIM7_CR2	0x0	Memory	0x40001404	4	readWrite	strong	
Factory	TIM7_DIER	0x0	Memory	0x4000140c	4	readWrite	strong	
Factory	TIM7_SR	0x0	Memory	0x40001410	4	readWrite	strong	
Factory	TIM7_EGR	0x0	Memory	0x40001414	4	writeOnly	strong	
Factory	TIM7_CNT	0x0	Memory	0x40001424	4	readWrite	strong	
Factory	TIM7_PSC	0x0	Memory	0x40001428	4	readWrite	strong	
Factory	TIM7_ARR	0x0	Memory	0x4000142c	4	readWrite	strong	
Factory	EXTI_IMR	0xff40200	Memory	0x40010400	4	readWrite	strong	
Factory	EXTI_EMR	0x0	Memory	0x40010404	4	readWrite	strong	
Factory	EXTI_RTSR	0x0	Memory	0x40010408	4	readWrite	strong	
Factory	EXTI_FTSR	0x200	Memory	0x4001040c	4	readWrite	strong	
Factory	EXTI_SWIER	0x0	Memory	0x40010410	4	readWrite	strong	
Factory	EXTI_PR	0x0	Memory	0x40010414	4	readWrite	strong	
Factory	NVIC_ISER	0x10080	Memory	0xe000e100	4	readWrite	strong	
Factory	NVIC_ICER	0x10080	Memory	0xe000e180	4	readWrite	strong	
Factory	NVIC_ISPR	0x0	Memory	0xe000e200	4	readWrite	strong	
Factory	NVIC_ICPR	0x0	Memory	0xe000e280	4	readWrite	strong	
Factory	NVIC_IPR0	0x0	Memory	0xe000e400	4	readWrite	strong	
Factory	NVIC_IPR1	0x0	Memory	0xe000e404	4	readWrite	strong	
Factory	NVIC_IPR2	0x0	Memory	0xe000e408	4	readWrite	strong	
Factory	NVIC_IPR3	0x0	Memory	0xe000e40c	4	readWrite	strong	
Factory	NVIC_IPR4	0x0	Memory	0xe000e410	4	readWrite	strong	
Factory	NVIC_IPR5	0x0	Memory	0xe000e414	4	readWrite	strong	
Factory	NVIC_IPR6	0x0	Memory	0xe000e418	4	readWrite	strong	
Factory	NVIC_IPR7	0x0	Memory	0xe000e41c	4	readWrite	strong	
Factory	DMA1_ISR	0x0	Memory	0x40020000	4	readOnly	strong	
Factory	DMA1_IFCR	0x0	Memory	0x40020004	4	writeOnly	strong	
Factory	DMA1_CCR1	0x0	Memory	0x40020008	4	readWrite	strong	
Factory	DMA1_CNDTR1	0x0	Memory	0x4002000c	4	readWrite	strong	
Factory	DMA1_CPAR1	0x0	Memory	0x40020010	4	readWrite	strong	
Factory	DMA1_CMAR1	0x0	Memory	0x40020014	4	readWrite	strong	
Factory	DMA1_CCR2	0x0	Memory	0x4002001c	4	readWrite	strong	
Factory	DMA1_CNDTR2	0x0	Memory	0x40020020	4	readWrite	strong	
Factory	DMA1_CPAR2	0x0	Memory	0x40020024	4	readWrite	strong	
Factory	DMA1_CMAR2	0x0	Memory	0x40020028	4	readWrite	strong	
Factory	DMA1_CCR3	0x0	Memory	0x40020030	4	readWrite	strong	
Factory	DMA1_CNDTR3	0x0	Memory	0x40020034	4	readWrite	strong	
Factory	DMA1_CPAR3	0x0	Memory	0x40020038	4	readWrite	strong	
Factory	DMA1_CMAR3	0x0	Memory	0x4002003c	4	readWrite	strong	
Factory	DMA1_CCR4	0x0	Memory	0x40020044	4	readWrite	strong	
Factory	DMA1_CNDTR4	0x0	Memory	0x40020048	4	readWrite	strong	
Factory	DMA1_CPAR4	0x0	Memory	0x4002004c	4	readWrite	strong	
Factory	DMA1_CMAR4	0x0	Memory	0x40020050	4	readWrite	strong	
Factory	DMA1_CCR5	0x0	Memory	0x40020058	4	readWrite	strong	
Factory	DMA1_CNDTR5	0x0	Memory	0x4002005c	4	readWrite	strong	
Factory	DMA1_CPAR5	0x0	Memory	0x40020060	4	readWrite	strong	
Factory	DMA1_CMAR5	0x0	Memory	0x40020064	4	readWrite	strong	
Factory	DMA1_CCR6	0x0	Memory	0x4002006c	4	readWrite	strong	
Factory	DMA1_CNDTR6	0x0	Memory	0x40020070	4	readWrite	strong	
Factory	DMA1_CPAR6	0x0	Memory	0x40020074	4	readWrite	strong	
Factory	DMA1_CMAR6	0x0	Memory	0x40020078	4	readWrite	strong	
Factory	DMA1_CCR7	0x0	Memory	0x40020080	4	readWrite	strong	
Factory	DMA1_CNDTR7	0x0	Memory	0x40020084	4	readWrite	strong	
Factory	DMA1_CPAR7	0x0	Memory	0x40020088	4	readWrite	strong	
Factory	DMA1_CMAR7	0x0	Memory	0x4002008c	4	readWrite	strong	
Factory	RCC_CR	0x3035283	Memory	0x40021000	4	readWrite	strong	
Factory	RCC_CFGR	0x2b000a	Memory	0x40021004	4	readWrite	strong	
Factory	RCC_CIR	0x0	Memory	0x40021008	4	readWrite	strong	
Factory	RCC_APB2RSTR	0x0	Memory	0x4002100c	4	readWrite	strong	
Factory	RCC_APB1RSTR	0x0	Memory	0x40021010	4	readWrite	strong	
Factory	RCC_AHBENR	0x460014	Memory	0x40021014	4	readWrite	strong	
Factory	RCC_APB2ENR	0x1	Memory	0x40021018	4	readWrite	strong	
Factory	RCC_APB1ENR	0x2	Memory	0x4002101c	4	readWrite	strong	
Factory	RCC_BDCR	0x18	Memory	0x40021020	4	readWrite	strong	
Factory	RCC_CSR	0x1c800000	Memory	0x40021024	4	readWrite	strong	
Factory	RCC_AHBRSTR	0x0	Memory	0x40021028	4	readWrite	strong	
Factory	RCC_CFGR2	0x1	Memory	0x4002102c	4	readWrite	strong	
Factory	RCC_CFGR3	0x0	Memory	0x40021030	4	readWrite	strong	
Factory	RCC_CR2	0x7080	Memory	0x40021034	4	readWrite	strong	
Factory	SYSCFG_CFGR1	0x0	Memory	0x40010000	4	readWrite	strong	
Factory	SYSCFG_EXTICR1	0x0	Memory	0x40010008	4	readWrite	strong	
Factory	SYSCFG_EXTICR2	0x0	Memory	0x4001000c	4	readWrite	strong	
Factory	SYSCFG_EXTICR3	0x0	Memory	0x40010010	4	readWrite	strong	
Factory	SYSCFG_EXTICR4	0x0	Memory	0x40010014	4	readWrite	strong	
Factory	SYSCFG_CFGR2	0x0	Memory	0x40010018	4	readWrite	strong	
Factory	ADC_ISR	0x0	Memory	0x40012400	4	readWrite	strong	
Factory	ADC_IER	0x0	Memory	0x40012404	4	readWrite	strong	
Factory	ADC_CR	0x0	Memory	0x40012408	4	readWrite	strong	
Factory	ADC_CFGR1	0x0	Memory	0x4001240c	4	readWrite	strong	
Factory	ADC_CFGR2	0x0	Memory	0x40012410	4	readWrite	strong	
Factory	ADC_SMPR	0x0	Memory	0x40012414	4	readWrite	strong	
Factory	ADC_TR	0x0	Memory	0x40012420	4	readWrite	strong	
Factory	ADC_CHSELR	0x0	Memory	0x40012428	4	readWrite	strong	
Factory	ADC_DR	0x0	Memory	0x40012440	4	readOnly	strong	
Factory	ADC_CCR	0x0	Memory	0x40012708	4	readWrite	strong	
Factory	USART1_CR1	0x0	Memory	0x40013800	4	readWrite	strong	
Factory	USART1_CR2	0x0	Memory	0x40013804	4	readWrite	strong	
Factory	USART1_CR3	0x0	Memory	0x40013808	4	readWrite	strong	
Factory	USART1_BRR	0x0	Memory	0x4001380c	4	readWrite	strong	
Factory	USART1_GTPR	0x0	Memory	0x40013810	4	readWrite	strong	
Factory	USART1_RTOR	0x0	Memory	0x40013814	4	readWrite	strong	
Factory	USART1_RQR	0x0	Memory	0x40013818	4	readWrite	strong	
Factory	USART1_ISR	0xc0	Memory	0x4001381c	4	readOnly	strong	
Factory	USART1_ICR	0x0	Memory	0x40013820	4	readWrite	strong	
Factory	USART1_RDR	0x0	Memory	0x40013824	4	readOnly	strong	
Factory	USART1_TDR	0x0	Memory	0x40013828	4	readWrite	strong	
Factory	USART2_CR1	0x0	Memory	0x40004400	4	readWrite	strong	
Factory	USART2_CR2	0x0	Memory	0x40004404	4	readWrite	strong	
Factory	USART2_CR3	0x0	Memory	0x40004408	4	readWrite	strong	
Factory	USART2_BRR	0x0	Memory	0x4000440c	4	readWrite	strong	
Factory	USART2_GTPR	0x0	Memory	0x40004410	4	readWrite	strong	
Factory	USART2_RTOR	0x0	Memory	0x40004414	4	readWrite	strong	
Factory	USART2_RQR	0x0	Memory	0x40004418	4	readWrite	strong	
Factory	USART2_ISR	0x0	Memory	0x4000441c	4	readOnly	strong	
Factory	USART2_ICR	0x0	Memory	0x40004420	4	readWrite	strong	
Factory	USART2_RDR	0x0	Memory	0x40004424	4	readOnly	strong	
Factory	USART2_TDR	0x0	Memory	0x40004428	4	readWrite	strong	
Factory	USART3_CR1	0x0	Memory	0x40004800	4	readWrite	strong	
Factory	USART3_CR2	0x0	Memory	0x40004804	4	readWrite	strong	
Factory	USART3_CR3	0x0	Memory	0x40004808	4	readWrite	strong	
Factory	USART3_BRR	0x0	Memory	0x4000480c	4	readWrite	strong	
Factory	USART3_GTPR	0x0	Memory	0x40004810	4	readWrite	strong	
Factory	USART3_RTOR	0x0	Memory	0x40004814	4	readWrite	strong	
Factory	USART3_RQR	0x0	Memory	0x40004818	4	readWrite	strong	
Factory	USART3_ISR	0x0	Memory	0x4000481c	4	readOnly	strong	
Factory	USART3_ICR	0x0	Memory	0x40004820	4	readWrite	strong	
Factory	USART3_RDR	0x0	Memory	0x40004824	4	readOnly	strong	
Factory	USART3_TDR	0x0	Memory	0x40004828	4	readWrite	strong	
Factory	USART4_CR1	0x0	Memory	0x40004c00	4	readWrite	strong	
Factory	USART4_CR2	0x0	Memory	0x40004c04	4	readWrite	strong	
Factory	USART4_CR3	0x0	Memory	0x40004c08	4	readWrite	strong	
Factory	USART4_BRR	0x0	Memory	0x40004c0c	4	readWrite	strong	
Factory	USART4_GTPR	0x0	Memory	0x40004c10	4	readWrite	strong	
Factory	USART4_RTOR	0x0	Memory	0x40004c14	4	readWrite	strong	
Factory	USART4_RQR	0x0	Memory	0x40004c18	4	readWrite	strong	
Factory	USART4_ISR	0x0	Memory	0x40004c1c	4	readOnly	strong	
Factory	USART4_ICR	0x0	Memory	0x40004c20	4	readWrite	strong	
Factory	USART4_RDR	0x0	Memory	0x40004c24	4	readOnly	strong	
Factory	USART4_TDR	0x0	Memory	0x40004c28	4	readWrite	strong	
Factory	USART6_CR1	0x0	Memory	0x40011400	4	readWrite	strong	
Factory	USART6_CR2	0x0	Memory	0x40011404	4	readWrite	strong	
Factory	USART6_CR3	0x0	Memory	0x40011408	4	readWrite	strong	
Factory	USART6_BRR	0x0	Memory	0x4001140c	4	readWrite	strong	
Factory	USART6_GTPR	0x0	Memory	0x40011410	4	readWrite	strong	
Factory	USART6_RTOR	0x0	Memory	0x40011414	4	readWrite	strong	
Factory	USART6_RQR	0x0	Memory	0x40011418	4	readWrite	strong	
Factory	USART6_ISR	0x0	Memory	0x4001141c	4	readOnly	strong	
Factory	USART6_ICR	0x0	Memory	0x40011420	4	readWrite	strong	
Factory	USART6_RDR	0x0	Memory	0x40011424	4	readOnly	strong	
Factory	USART6_TDR	0x0	Memory	0x40011428	4	readWrite	strong	
Factory	USART5_CR1	0x0	Memory	0x40005000	4	readWrite	strong	
Factory	USART5_CR2	0x0	Memory	0x40005004	4	readWrite	strong	
Factory	USART5_CR3	0x0	Memory	0x40005008	4	readWrite	strong	
Factory	USART5_BRR	0x0	Memory	0x4000500c	4	readWrite	strong	
Factory	USART5_GTPR	0x0	Memory	0x40005010	4	readWrite	strong	
Factory	USART5_RTOR	0x0	Memory	0x40005014	4	readWrite	strong	
Factory	USART5_RQR	0x0	Memory	0x40005018	4	readWrite	strong	
Factory	USART5_ISR	0x0	Memory	0x4000501c	4	readOnly	strong	
Factory	USART5_ICR	0x0	Memory	0x40005020	4	readWrite	strong	
Factory	USART5_RDR	0x0	Memory	0x40005024	4	readOnly	strong	
Factory	USART5_TDR	0x0	Memory	0x40005028	4	readWrite	strong	
Factory	RTC_TR	0x0	Memory	0x40002800	4	readWrite	strong	
Factory	RTC_DR	0x2101	Memory	0x40002804	4	readWrite	strong	
Factory	RTC_CR	0x0	Memory	0x40002808	4	readWrite	strong	
Factory	RTC_ISR	0x7	Memory	0x4000280c	4	readWrite	strong	
Factory	RTC_PRER	0x7f00ff	Memory	0x40002810	4	readWrite	strong	
Factory	RTC_ALRMAR	0x0	Memory	0x4000281c	4	readWrite	strong	
Factory	RTC_WPR	0x0	Memory	0x40002824	4	writeOnly	strong	
Factory	RTC_SSR	0x0	Memory	0x40002828	4	readOnly	strong	
Factory	RTC_SHIFTR	0x0	Memory	0x4000282c	4	writeOnly	strong	
Factory	RTC_TSTR	0x0	Memory	0x40002830	4	readOnly	strong	
Factory	RTC_TSDR	0x0	Memory	0x40002834	4	readOnly	strong	
Factory	RTC_TSSSR	0x0	Memory	0x40002838	4	readOnly	strong	
Factory	RTC_CALR	0x0	Memory	0x4000283c	4	readWrite	strong	
Factory	RTC_TAFCR	0x0	Memory	0x40002840	4	readWrite	strong	
Factory	RTC_ALRMASSR	0x0	Memory	0x40002844	4	readWrite	strong	
Factory	RTC_BKP0R	0x0	Memory	0x40002850	4	readWrite	strong	
Factory	RTC_BKP1R	0x0	Memory	0x40002854	4	readWrite	strong	
Factory	RTC_BKP2R	0x0	Memory	0x40002858	4	readWrite	strong	
Factory	RTC_BKP3R	0x0	Memory	0x4000285c	4	readWrite	strong	
Factory	RTC_BKP4R	0x0	Memory	0x40002860	4	readWrite	strong	
Factory	TIM15_CR1	0x0	Memory	0x40014000	4	readWrite	strong	
Factory	TIM15_CR2	0x0	Memory	0x40014004	4	readWrite	strong	
Factory	TIM15_SMCR	0x0	Memory	0x40014008	4	readWrite	strong	
Factory	TIM15_DIER	0x0	Memory	0x4001400c	4	readWrite	strong	
Factory	TIM15_SR	0x0	Memory	0x40014010	4	readWrite	strong	
Factory	TIM15_EGR	0x0	Memory	0x40014014	4	writeOnly	strong	
Factory	TIM15_CCMR1_Output	0x0	Memory	0x40014018	4	readWrite	strong	
Factory	TIM15_CCMR1_Input	0x0	Memory	0x40014018	4	readWrite	strong	
Factory	TIM15_CCER	0x0	Memory	0x40014020	4	readWrite	strong	
Factory	TIM15_CNT	0x0	Memory	0x40014024	4	readWrite	strong	
Factory	TIM15_PSC	0x0	Memory	0x40014028	4	readWrite	strong	
Factory	TIM15_ARR	0x0	Memory	0x4001402c	4	readWrite	strong	
Factory	TIM15_RCR	0x0	Memory	0x40014030	4	readWrite	strong	
Factory	TIM15_CCR1	0x0	Memory	0x40014034	4	readWrite	strong	
Factory	TIM15_CCR2	0x0	Memory	0x40014038	4	readWrite	strong	
Factory	TIM15_BDTR	0x0	Memory	0x40014044	4	readWrite	strong	
Factory	TIM15_DCR	0x0	Memory	0x40014048	4	readWrite	strong	
Factory	TIM15_DMAR	0x0	Memory	0x4001404c	4	readWrite	strong	
Factory	TIM16_CR1	0x0	Memory	0x40014400	4	readWrite	strong	
Factory	TIM16_CR2	0x0	Memory	0x40014404	4	readWrite	strong	
Factory	TIM16_DIER	0x0	Memory	0x4001440c	4	readWrite	strong	
Factory	TIM16_SR	0x0	Memory	0x40014410	4	readWrite	strong	
Factory	TIM16_EGR	0x0	Memory	0x40014414	4	writeOnly	strong	
Factory	TIM16_CCMR1_Output	0x0	Memory	0x40014418	4	readWrite	strong	
Factory	TIM16_CCMR1_Input	0x0	Memory	0x40014418	4	readWrite	strong	
Factory	TIM16_CCER	0x0	Memory	0x40014420	4	readWrite	strong	
Factory	TIM16_CNT	0x0	Memory	0x40014424	4	readWrite	strong	
Factory	TIM16_PSC	0x0	Memory	0x40014428	4	readWrite	strong	
Factory	TIM16_ARR	0x0	Memory	0x4001442c	4	readWrite	strong	
Factory	TIM16_RCR	0x0	Memory	0x40014430	4	readWrite	strong	
Factory	TIM16_CCR1	0x0	Memory	0x40014434	4	readWrite	strong	
Factory	TIM16_BDTR	0x0	Memory	0x40014444	4	readWrite	strong	
Factory	TIM16_DCR	0x0	Memory	0x40014448	4	readWrite	strong	
Factory	TIM16_DMAR	0x0	Memory	0x4001444c	4	readWrite	strong	
Factory	TIM17_CR1	0x0	Memory	0x40014800	4	readWrite	strong	
Factory	TIM17_CR2	0x0	Memory	0x40014804	4	readWrite	strong	
Factory	TIM17_DIER	0x0	Memory	0x4001480c	4	readWrite	strong	
Factory	TIM17_SR	0x0	Memory	0x40014810	4	readWrite	strong	
Factory	TIM17_EGR	0x0	Memory	0x40014814	4	writeOnly	strong	
Factory	TIM17_CCMR1_Output	0x0	Memory	0x40014818	4	readWrite	strong	
Factory	TIM17_CCMR1_Input	0x0	Memory	0x40014818	4	readWrite	strong	
Factory	TIM17_CCER	0x0	Memory	0x40014820	4	readWrite	strong	
Factory	TIM17_CNT	0x0	Memory	0x40014824	4	readWrite	strong	
Factory	TIM17_PSC	0x0	Memory	0x40014828	4	readWrite	strong	
Factory	TIM17_ARR	0x0	Memory	0x4001482c	4	readWrite	strong	
Factory	TIM17_RCR	0x0	Memory	0x40014830	4	readWrite	strong	
Factory	TIM17_CCR1	0x0	Memory	0x40014834	4	readWrite	strong	
Factory	TIM17_BDTR	0x0	Memory	0x40014844	4	readWrite	strong	
Factory	TIM17_DCR	0x0	Memory	0x40014848	4	readWrite	strong	
Factory	TIM17_DMAR	0x0	Memory	0x4001484c	4	readWrite	strong	
Factory	Flash_ACR	0x31	Memory	0x40022000	4	readWrite	strong	
Factory	Flash_KEYR	0x0	Memory	0x40022004	4	writeOnly	strong	
Factory	Flash_OPTKEYR	0x0	Memory	0x40022008	4	writeOnly	strong	
Factory	Flash_SR	0x0	Memory	0x4002200c	4	readWrite	strong	
Factory	Flash_CR	0x80	Memory	0x40022010	4	readWrite	strong	
Factory	Flash_AR	0x0	Memory	0x40022014	4	writeOnly	strong	
Factory	Flash_OBR	0xffffff00	Memory	0x4002201c	4	readOnly	strong	
Factory	Flash_WRPR	0xffffffff	Memory	0x40022020	4	readOnly	strong	
Factory	DBGMCU_IDCODE	0x10006444	Memory	0x40015800	4	readOnly	strong	
Factory	DBGMCU_CR	0x0	Memory	0x40015804	4	readWrite	strong	
Factory	DBGMCU_APB1_FZ	0x0	Memory	0x40015808	4	readWrite	strong	
Factory	DBGMCU_APB2_FZ	0x0	Memory	0x4001580c	4	readWrite	strong	
Factory	USB_EP0R	0x0	Memory	0x40005c00	4	readWrite	strong	
Factory	USB_EP1R	0x0	Memory	0x40005c04	4	readWrite	strong	
Factory	USB_EP2R	0x0	Memory	0x40005c08	4	readWrite	strong	
Factory	USB_EP3R	0x0	Memory	0x40005c0c	4	readWrite	strong	
Factory	USB_EP4R	0x0	Memory	0x40005c10	4	readWrite	strong	
Factory	USB_EP5R	0x0	Memory	0x40005c14	4	readWrite	strong	
Factory	USB_EP6R	0x0	Memory	0x40005c18	4	readWrite	strong	
Factory	USB_EP7R	0x0	Memory	0x40005c1c	4	readWrite	strong	
Factory	USB_CNTR	0x0	Memory	0x40005c40	4	readWrite	strong	
Factory	USB_ISTR	0x0	Memory	0x40005c44	4	readWrite	strong	
Factory	USB_FNR	0x0	Memory	0x40005c48	4	readOnly	strong	
Factory	USB_DADDR	0x0	Memory	0x40005c4c	4	readWrite	strong	
Factory	USB_BTABLE	0x0	Memory	0x40005c50	4	readWrite	strong	
Factory	USB_LPMCSR	0x0	Memory	0x40005c54	4	readWrite	strong	
Factory	USB_BCDR	0x0	Memory	0x40005c58	4	readWrite	strong	
Factory	SHCSR	0x0	Memory	0xe000ed24	4	readWrite	weak	
Factory	DFSR	0xb	Memory	0xe000ed30	4	readWrite	weak	
Factory	DHCSR	0x30003	Memory	0xe000edf0	4	readWrite	weak	
Factory	DCRSR	0x0	Memory	0xe000edf4	4	writeOnly	weak	
Factory	DCRDR	0x0	Memory	0xe000edf8	4	readWrite	weak	
Factory	DEMCR	0x1000401	Memory	0xe000edfc	4	readWrite	weak	
Factory	BP_CTRL	0x41	Memory	0xe0002000	4	readWrite	weak	
Factory	BP_COMP0	0x0	Memory	0xe0002008	4	readWrite	weak	
Factory	BP_COMP1	0x0	Memory	0xe000200c	4	readWrite	weak	
Factory	BP_COMP2	0x0	Memory	0xe0002010	4	readWrite	weak	
Factory	BP_COMP3	0x0	Memory	0xe0002014	4	readWrite	weak	
Factory	BP_PIDR4	0x4	Memory	0xe0002fd0	4	readOnly	weak	
Factory	BP_PIDR5	0x0	Memory	0xe0002fd4	4	readOnly	weak	
Factory	BP_PIDR6	0x0	Memory	0xe0002fd8	4	readOnly	weak	
Factory	BP_PIDR7	0x0	Memory	0xe0002fdc	4	readOnly	weak	
Factory	BP_PIDR0	0xb	Memory	0xe0002fe0	4	readOnly	weak	
Factory	BP_PIDR1	0xb0	Memory	0xe0002fe4	4	readOnly	weak	
Factory	BP_PIDR2	0xb	Memory	0xe0002fe8	4	readOnly	weak	
Factory	BP_PIDR3	0x0	Memory	0xe0002fec	4	readOnly	weak	
Factory	BP_CIDR0	0xd	Memory	0xe0002ff0	4	readOnly	weak	
Factory	BP_CIDR1	0xe0	Memory	0xe0002ff4	4	readOnly	weak	
Factory	BP_CIDR2	0x5	Memory	0xe0002ff8	4	readOnly	weak	
Factory	BP_CIDR3	0xb1	Memory	0xe0002ffc	4	readOnly	weak	
Factory	BP_LSR	0x0	Memory	0xe0002fb4	4	readOnly	weak	
Factory	BP_LAR	0x0	Memory	0xe0002fb0	4	writeOnly	weak	
Factory	DWT_CTRL	0x20000000	Memory	0xe0001000	4	readOnly	weak	
Factory	DWT_PCSR	0xffffffff	Memory	0xe000101c	4	readOnly	weak	
Factory	DWT_COMP0	0xffffffff	Memory	0xe0001020	4	readWrite	weak	
Factory	DWT_MASK0	0x1f	Memory	0xe0001024	4	readWrite	weak	
Factory	DWT_FUNCTION0	0x0	Memory	0xe0001028	4	readWrite	weak	
Factory	DWT_COMP1	0xffffffff	Memory	0xe0001030	4	readWrite	weak	
Factory	DWT_MASK1	0x1f	Memory	0xe0001034	4	readWrite	weak	
Factory	DWT_FUNCTION1	0x0	Memory	0xe0001038	4	readWrite	weak	
Factory	DWT_PIDR4	0x4	Memory	0xe0001fd0	4	readOnly	weak	
Factory	DWT_PIDR5	0x0	Memory	0xe0001fd4	4	readOnly	weak	
Factory	DWT_PIDR6	0x0	Memory	0xe0001fd8	4	readOnly	weak	
Factory	DWT_PIDR7	0x0	Memory	0xe0001fdc	4	readOnly	weak	
Factory	DWT_PIDR0	0xa	Memory	0xe0001fe0	4	readOnly	weak	
Factory	DWT_PIDR1	0xb0	Memory	0xe0001fe4	4	readOnly	weak	
Factory	DWT_PIDR2	0xb	Memory	0xe0001fe8	4	readOnly	weak	
Factory	DWT_PIDR3	0x0	Memory	0xe0001fec	4	readOnly	weak	
Factory	DWT_CIDR0	0xd	Memory	0xe0001ff0	4	readOnly	weak	
Factory	DWT_CIDR1	0xe0	Memory	0xe0001ff4	4	readOnly	weak	
Factory	DWT_CIDR2	0x5	Memory	0xe0001ff8	4	readOnly	weak	
Factory	DWT_CIDR3	0xb1	Memory	0xe0001ffc	4	readOnly	weak	
Factory	DWT_LSR	0x0	Memory	0xe0001fb4	4	readOnly	weak	
Factory	DWT_LAR	0x0	Memory	0xe0001fb0	4	writeOnly	weak	
Factory	ROM_SCS	0xfff0f003	Memory	0xe00ff000	4	readOnly	weak	
Factory	ROM_DWT	0xfff02003	Memory	0xe00ff004	4	readOnly	weak	
Factory	ROM_BPU	0xfff03003	Memory	0xe00ff008	4	readOnly	weak	
Factory	ROM_END	0x0	Memory	0xe00ff00c	4	readOnly	weak	
Factory	ROM_MEMTYPE	0x1	Memory	0xe00fffcc	4	readOnly	weak	
Factory	ROM_PIDR4	0x0	Memory	0xe00fffd0	4	readOnly	weak	
Factory	ROM_PIDR5	0x0	Memory	0xe00fffd4	4	readOnly	weak	
Factory	ROM_PIDR6	0x0	Memory	0xe00fffd8	4	readOnly	weak	
Factory	ROM_PIDR7	0x0	Memory	0xe00fffdc	4	readOnly	weak	
Factory	ROM_PIDR0	0x40	Memory	0xe00fffe0	4	readOnly	weak	
Factory	ROM_PIDR1	0x4	Memory	0xe00fffe4	4	readOnly	weak	
Factory	ROM_PIDR2	0xa	Memory	0xe00fffe8	4	readOnly	weak	
Factory	ROM_PIDR3	0x0	Memory	0xe00fffec	4	readOnly	weak	
Factory	ROM_CIDR0	0xd	Memory	0xe00ffff0	4	readOnly	weak	
Factory	ROM_CIDR1	0x10	Memory	0xe00ffff4	4	readOnly	weak	
Factory	ROM_CIDR2	0x5	Memory	0xe00ffff8	4	readOnly	weak	
Factory	ROM_CIDR3	0xb1	Memory	0xe00ffffc	4	readOnly	weak	
Factory	MPU_TYPE	0x0	Memory	0xe000ed90	4	readOnly	weak	
Factory	CPUID	0x410cc200	Memory	0xe000ed00	4	readOnly	weak	
Factory	ICSR	0xb	Memory	0xe000ed04	4	readWrite	weak	
Factory	VTOR	0x0	Memory	0xe000ed08	4	readWrite	weak	
Factory	AIRCR	0xfa050000	Memory	0xe000ed0c	4	readWrite	weak	
Factory	SCR	0x0	Memory	0xe000ed10	4	readWrite	weak	
Factory	CCR	0x208	Memory	0xe000ed14	4	readOnly	weak	
Factory	SHPR2	0x40000000	Memory	0xe000ed1c	4	readWrite	weak	
Factory	SHPR3	0xc00000	Memory	0xe000ed20	4	readWrite	weak	
Factory	ACTLR	0x0	Memory	0xe000e008	4	readWrite	weak	
Factory	SYST_CSR	0x10007	Memory	0xe000e010	4	readWrite	weak	
Factory	SYST_RVR	0xbb7f	Memory	0xe000e014	4	readWrite	weak	
Factory	SYST_CVR	0x3bbe	Memory	0xe000e018	4	readWrite	weak	
Factory	SYST_CALIB	0x40001770	Memory	0xe000e01c	4	readOnly	weak	
